C51 COMPILER V9.00   GPS_CHUANKOU2_GPS_INIT                                                10/22/2015 02:27:17 PAGE 1   


C51 COMPILER V9.00, COMPILATION OF MODULE GPS_CHUANKOU2_GPS_INIT
OBJECT MODULE PLACED IN GPS_chuankou2_GPS_init.OBJ
COMPILER INVOKED BY: D:\Keil\C51\BIN\C51.EXE GPS_chuankou2_GPS_init.c BROWSE DEBUG OBJECTEXTEND

line level    source

   1          /***********发送固定字符，让GPS返回想要的数据*******************/
   2          #include<12C5A60S2.h>
   3          #include<intrins.h>
   4          #define uchar unsigned char
   5          #define uint unsigned int
   6          uchar i;
   7          uchar code temp1[16]={0xB5,0x62,0x06,0x01,0x08,0x00,0xF0,0x05,0x00,0x00,0x00,0x00,0x00,0x00,0x04,0x46}; 
   8          //GPVTG
   9          uchar code temp2[16]={0xB5,0x62,0x06,0x01,0x08,0x00,0xF0,0x00,0x00,0x00,0x00,0x00,0x00,0x01,0x00,0x24};
  10          //GPGGA
  11          uchar code temp3[16]={0xB5,0x62,0x06,0x01,0x08,0x00,0xF0,0x02,0x00,0x00,0x00,0x00,0x00,0x00,0x01,0x31};
  12          //GPGSA
  13          uchar code temp4[16]={0xB5,0x62,0x06,0x01,0x08,0x00,0xF0,0x03,0x00,0x00,0x00,0x00,0x00,0x00,0x02,0x38};
  14          //GPGSV
  15          uchar code temp5[16]={0xB5,0x62,0x06,0x01,0x08,0x00,0xF0,0x01,0x00,0x00,0x00,0x00,0x00,0x00,0x00,0x2A};
  16          //GPGLL
  17          uchar code temp6[14]={0xB5,0x62,0x06,0x08,0x06,0x00,0x60,0xEA,0x01,0x00,0x01,0x00,0x60,0x8C};
  18          //1分钟
  19          //uchar code temp7[14]={0xB5,0x62,0x06,0x08,0x06,0x00,0x10,0x27,0x01,0x00,0x01,0x00,0x4D,0xDD};
  20          //10秒
  21          
  22          void Delay1000ms();//延时1秒
  23          
  24          void GPS_init()
  25          {
  26   1                      for(i=0;i<16;i++)
  27   1                      {
  28   2                              S2BUF=temp1[i];
  29   2                              while(S2CON == 0x50); //因为S2CON的S2TI不带sbit的位寻址，所以只能对S2CON全部赋值
  30   2                              S2CON = 0x50;
  31   2                      }
  32   1                      S2BUF='\0';
  33   1                      while(S2CON == 0x50);
  34   1                      S2CON=0X50;
  35   1                      ///////////第一个的，我们发两次////////////
  36   1                      for(i=0;i<16;i++)
  37   1                      {
  38   2                              S2BUF=temp1[i];
  39   2                              while(S2CON == 0x50);
  40   2                              S2CON=0X50;
  41   2                      }
  42   1                      S2BUF='\0';
  43   1                      while(S2CON == 0x50);
  44   1                      S2CON=0X50;     
  45   1                      
  46   1                      ////////////////////////
  47   1                              for(i=0;i<16;i++)
  48   1                      {
  49   2                              S2BUF=temp2[i];
  50   2                              while(S2CON == 0x50);
  51   2                              S2CON=0X50;
  52   2                      }
  53   1                      S2BUF='\0';
  54   1                      while(S2CON == 0x50);
  55   1                      S2CON=0X50;
C51 COMPILER V9.00   GPS_CHUANKOU2_GPS_INIT                                                10/22/2015 02:27:17 PAGE 2   

  56   1      
  57   1                      
  58   1                      /////////////////////
  59   1                              for(i=0;i<16;i++)
  60   1                      {
  61   2                              S2BUF=temp3[i];
  62   2                              while(S2CON == 0x50);
  63   2                              S2CON=0X50;
  64   2                      }
  65   1                      S2BUF='\0';
  66   1                      while(S2CON == 0x50);
  67   1                      S2CON=0X50;
  68   1      
  69   1                      
  70   1                      ///////////////////////
  71   1                              for(i=0;i<16;i++)
  72   1                      {
  73   2                              S2BUF=temp4[i];
  74   2                              while(S2CON == 0x50);
  75   2                              S2CON=0X50;
  76   2                      }
  77   1                      S2BUF='\0';
  78   1                      while(S2CON == 0x50);
  79   1                      S2CON=0X50;
  80   1      
  81   1                      
  82   1                      ///////////////////
  83   1                              for(i=0;i<16;i++)
  84   1                      {
  85   2                              S2BUF=temp5[i];
  86   2                              while(S2CON == 0x50);
  87   2                              S2CON=0X50;
  88   2                      }
  89   1                      S2BUF='\0';
  90   1                      while(S2CON == 0x50);
  91   1                      S2CON=0X50;
  92   1      
  93   1                      
  94   1                      ///////////////////////
  95   1                              for(i=0;i<14;i++)
  96   1                      {
  97   2                              S2BUF=temp6[i];
  98   2                              while(S2CON == 0x50);
  99   2                              S2CON=0X50;
 100   2                      }
 101   1                      S2BUF='\0';
 102   1                      while(S2CON == 0x50);
 103   1                      S2CON=0X50;
 104   1      }
 105          void Delay1000ms()              //@11.0592MHz 延时一秒
 106          {
 107   1              unsigned char i, j, k;
 108   1      
 109   1              _nop_();
 110   1              _nop_();
 111   1              i = 43;
 112   1              j = 6;
 113   1              k = 203;
 114   1              do
 115   1              {
 116   2                      do
 117   2                      {
C51 COMPILER V9.00   GPS_CHUANKOU2_GPS_INIT                                                10/22/2015 02:27:17 PAGE 3   

 118   3                              while (--k);
 119   3                      } while (--j);
 120   2              } while (--i);
 121   1      }               


MODULE INFORMATION:   STATIC OVERLAYABLE
   CODE SIZE        =    289    ----
   CONSTANT SIZE    =     94    ----
   XDATA SIZE       =   ----    ----
   PDATA SIZE       =   ----    ----
   DATA SIZE        =      1    ----
   IDATA SIZE       =   ----    ----
   BIT SIZE         =   ----    ----
END OF MODULE INFORMATION.


C51 COMPILATION COMPLETE.  0 WARNING(S),  0 ERROR(S)
