C51 COMPILER V9.00   GPS_CHUANKOU2                                                         10/22/2015 02:27:17 PAGE 1   


C51 COMPILER V9.00, COMPILATION OF MODULE GPS_CHUANKOU2
OBJECT MODULE PLACED IN GPS_chuankou2.OBJ
COMPILER INVOKED BY: D:\Keil\C51\BIN\C51.EXE GPS_chuankou2.c BROWSE DEBUG OBJECTEXTEND

line level    source

   1          /******************串口1发送GPS控制信息，不要改了，要改复制出去测试。串口中断的波特率还是不知道怎么搞*****
             -******************************/
   2          #include<12C5A60S2.h>
   3          void GPS_init();
   4          void Delay1000ms();
   5          //#include<GPS_TEST_init.h>头文件一般都放一些串口定义
   6          
   7          void UartInit(void)             //9600bps@11.0592MHz
   8          {
   9   1              S2CON = 0x50;   //串口2工作在方式1  10位异步收发 S2REN=1允许接收
  10   1          BRT = 0xFD;    //独立波特率发生器初值
  11   1          AUXR = 0x10;    //BRTR=1 独立波特率发生器开始计数，1T，一个机器周期的意思
  12   1              IE2 =0x01;      //开串口2中断  ES2=1
  13   1              EA = 1;                 //开总中断
  14   1      }
  15          
  16          
  17          void main()
  18          {
  19   1              UartInit();
  20   1              Delay1000ms();
  21   1              GPS_init();
  22   1              GPS_init();
  23   1              GPS_init();
  24   1              while(1)
  25   1              {
  26   2                      
  27   2              }          
  28   1      }
  29          
  30          
  31          
  32          
  33          


MODULE INFORMATION:   STATIC OVERLAYABLE
   CODE SIZE        =     32    ----
   CONSTANT SIZE    =   ----    ----
   XDATA SIZE       =   ----    ----
   PDATA SIZE       =   ----    ----
   DATA SIZE        =   ----    ----
   IDATA SIZE       =   ----    ----
   BIT SIZE         =   ----    ----
END OF MODULE INFORMATION.


C51 COMPILATION COMPLETE.  0 WARNING(S),  0 ERROR(S)
